<?xml version="1.0" encoding="UTF-8"?>
<!-- Generated by org.testng.reporters.JUnitReportReporter -->
<testsuite hostname="Tamers-MBP" failures="0" tests="3" name="testNGMavenFile.parallelTestNG" time="20.115" errors="0" timestamp="2022-01-04T12:40:29 EET" skipped="0">
  <testcase classname="testNGMavenFile.parallelTestNG" name="session3" time="4.550"/>
  <system-out/>
  <testcase classname="testNGMavenFile.parallelTestNG" name="session2" time="5.584"/>
  <system-out/>
  <testcase classname="testNGMavenFile.parallelTestNG" name="session1" time="9.981"/>
  <system-out/>
</testsuite> <!-- testNGMavenFile.parallelTestNG -->
