<?xml version="1.0" encoding="UTF-8"?>
<!-- Generated by org.testng.reporters.JUnitReportReporter -->
<testsuite hostname="Tamers-MBP" failures="0" tests="2" name="testNGMavenFile.exerciseTestNG" time="2.134" errors="0" timestamp="2022-01-04T10:53:40 EET" skipped="0">
  <testcase classname="testNGMavenFile.exerciseTestNG" name="ClickRegister" time="1.096"/>
  <system-out/>
  <testcase classname="testNGMavenFile.exerciseTestNG" name="clickSupport" time="1.038"/>
  <system-out/>
</testsuite> <!-- testNGMavenFile.exerciseTestNG -->
