<?xml version="1.0" encoding="UTF-8"?>
<!-- Generated by org.testng.reporters.JUnitReportReporter -->
<testsuite hostname="Tamers-MBP" failures="0" tests="4" name="testNGMavenFile.testNGFirstEX" time="0.005" errors="0" timestamp="2022-01-04T09:58:01 EET" skipped="0">
  <testcase classname="testNGMavenFile.testNGFirstEX" name="dTest" time="0.000"/>
  <system-out/>
  <testcase classname="testNGMavenFile.testNGFirstEX" name="cTest" time="0.004"/>
  <system-out/>
  <testcase classname="testNGMavenFile.testNGFirstEX" name="bTest" time="0.001"/>
  <system-out/>
  <testcase classname="testNGMavenFile.testNGFirstEX" name="aTest" time="0.000"/>
  <system-out/>
</testsuite> <!-- testNGMavenFile.testNGFirstEX -->
